<?xml version="1.0" encoding="UTF-8"?>
<testsuite xmlns:xsi="http://www.w3.org/2001/XMLSchema-instance" xsi:noNamespaceSchemaLocation="https://maven.apache.org/surefire/maven-surefire-plugin/xsd/surefire-test-report-3.0.xsd" version="3.0" name="TestSuite" time="26.057" tests="1" errors="0" skipped="0" failures="0">
  <properties>
[...]
</properties>
  <testcase name="Test" classname="Project.EntToEndTest" time="23.555">
    <system-out><![CDATA[[TestNGContentHandler] [WARN] It is strongly recommended to add "<!DOCTYPE suite SYSTEM "http://testng.org/testng-1.0.dtd" >" at the top of your file, otherwise TestNG may fail or not work as expected.
This is to GET all employees
[
  {
    "id": 1,
    "name": "Pankaj",
    "salary": "10000"
  },
  {
    "name": "David",
    "salary": "5000",
    "id": 2
  },
  {
    "name": "Rohan",
    "salary": "9000",
    "id": 3
  },
  {
    "name": "Savita",
    "salary": 6800,
    "id": 8
  },
  {
    "name": "Kavita",
    "salary": 7900,
    "id": 10
  },
  {
    "name": "Bryant",
    "salary": 43000,
    "id": 11
  },
  {
    "name": "Savita",
    "salary": 6800,
    "id": 12
  },
  {
    "name": "Kavita",
    "salary": 7900,
    "id": 13
  },
  {
    "name": "Anita",
    "salary": 8400,
    "id": 14
  },
  {
    "name": "Rob",
    "salary": 6600,
    "id": 15
  },
  {
    "name": "Sakshi",
    "salary": 55000,
    "id": 18
  },
  {
    "name": "Smith",
    "salary": 9000,
    "id": 19
  },
  {
    "name": "Sam",
    "salary": 9000,
    "id": 20
  }
]
This is to CREATE employees
{
  "name": "John",
  "salary": 8000,
  "id": 21
}
This is to GET single Employee
[
  {
    "name": "John",
    "salary": 8000,
    "id": 21
  }
]
This is to UPDATE employees
{
  "name": "Smith",
  "salary": 9000,
  "id": 21
}
This is to Check employee name after update Employee
[
  {
    "name": "Smith",
    "salary": 9000,
    "id": 21
  }
]
The name is: Smith
This is to DELETE employees
{}
This is to Check employees after delete operation
[]
]]></system-out>
  </testcase>
</testsuite>