<?xml version="1.0" encoding="UTF-8"?>
<testng-results skipped="0" failed="0" ignored="0" total="1" passed="1">
  <reporter-output>
  </reporter-output>
  <suite name="Suite" duration-ms="23518" started-at="2022-12-11T13:10:27Z" finished-at="2022-12-11T13:10:50Z">
    <groups>
    </groups>
    <test name="EndToEndTest" duration-ms="23518" started-at="2022-12-11T13:10:27Z" finished-at="2022-12-11T13:10:50Z">
      <class name="Project.EntToEndTest">
        <test-method status="PASS" signature="Test()[pri:0, instance:Project.EntToEndTest@7bc1a03d]" name="Test" duration-ms="23472" started-at="2022-12-11T13:10:27Z" finished-at="2022-12-11T13:10:50Z">
          <reporter-output>
          </reporter-output>
        </test-method> <!-- Test -->
      </class> <!-- Project.EntToEndTest -->
    </test> <!-- EndToEndTest -->
  </suite> <!-- Suite -->
</testng-results>
